

times in msec
 clock   self+sourced   self:  sourced script
 clock   elapsed:              other lines

000.928  000.928: --- NVIM STARTING ---
014.590  013.662: locale set
024.309  009.719: inits 1
024.332  000.023: window checked
025.222  000.890: parsing arguments
032.690  007.468: init lua interpreter
032.758  000.068: expanding arguments
033.996  001.238: inits 2
034.310  000.315: init highlight
034.312  000.002: waiting for UI
035.492  001.180: done waiting for UI
035.504  000.012: init screen for UI
035.529  000.026: init default mappings
035.566  000.036: init default autocommands
037.215  000.454  000.454: sourcing /tmp/.mount_nvimZZ4dsF/usr/share/nvim/runtime/ftplugin.vim
038.319  000.352  000.352: sourcing /tmp/.mount_nvimZZ4dsF/usr/share/nvim/runtime/indent.vim
069.645  031.119  031.119: sourcing /home/jogi/.config/nvim/init.lua
069.656  002.165: sourcing vimrc file(s)
070.196  000.334  000.334: sourcing /tmp/.mount_nvimZZ4dsF/usr/share/nvim/runtime/filetype.lua
075.758  000.025  000.025: sourcing /home/jogi/.local/share/nvim/site/pack/packer/start/LuaSnip/ftdetect/snippets.vim
076.358  006.087  006.063: sourcing /tmp/.mount_nvimZZ4dsF/usr/share/nvim/runtime/filetype.vim
077.172  000.095  000.095: sourcing /tmp/.mount_nvimZZ4dsF/usr/share/nvim/runtime/syntax/synload.vim
077.316  000.725  000.630: sourcing /tmp/.mount_nvimZZ4dsF/usr/share/nvim/runtime/syntax/syntax.vim
079.598  000.837  000.837: sourcing /tmp/.mount_nvimZZ4dsF/usr/share/nvim/runtime/plugin/gzip.vim
079.709  000.052  000.052: sourcing /tmp/.mount_nvimZZ4dsF/usr/share/nvim/runtime/plugin/health.vim
079.973  000.223  000.223: sourcing /tmp/.mount_nvimZZ4dsF/usr/share/nvim/runtime/plugin/man.vim
081.478  000.541  000.541: sourcing /tmp/.mount_nvimZZ4dsF/usr/share/nvim/runtime/pack/dist/opt/matchit/plugin/matchit.vim
081.823  001.799  001.258: sourcing /tmp/.mount_nvimZZ4dsF/usr/share/nvim/runtime/plugin/matchit.vim
082.004  000.131  000.131: sourcing /tmp/.mount_nvimZZ4dsF/usr/share/nvim/runtime/plugin/matchparen.vim
082.516  000.464  000.464: sourcing /tmp/.mount_nvimZZ4dsF/usr/share/nvim/runtime/plugin/netrwPlugin.vim
082.714  000.006  000.006: sourcing /home/jogi/.local/share/nvim/rplugin.vim
082.719  000.139  000.133: sourcing /tmp/.mount_nvimZZ4dsF/usr/share/nvim/runtime/plugin/rplugin.vim
082.896  000.124  000.124: sourcing /tmp/.mount_nvimZZ4dsF/usr/share/nvim/runtime/plugin/shada.vim
083.001  000.049  000.049: sourcing /tmp/.mount_nvimZZ4dsF/usr/share/nvim/runtime/plugin/spellfile.vim
083.190  000.138  000.138: sourcing /tmp/.mount_nvimZZ4dsF/usr/share/nvim/runtime/plugin/tarPlugin.vim
083.377  000.130  000.130: sourcing /tmp/.mount_nvimZZ4dsF/usr/share/nvim/runtime/plugin/tohtml.vim
083.480  000.046  000.046: sourcing /tmp/.mount_nvimZZ4dsF/usr/share/nvim/runtime/plugin/tutor.vim
083.917  000.386  000.386: sourcing /tmp/.mount_nvimZZ4dsF/usr/share/nvim/runtime/plugin/zipPlugin.vim
084.661  000.631  000.631: sourcing /home/jogi/.config/nvim/plugin/packer_compiled.lua
085.016  003.066: loading rtp plugins
085.401  000.238  000.238: sourcing /home/jogi/.local/share/nvim/site/pack/packer/start/LuaSnip/plugin/luasnip.vim
085.549  000.027  000.027: sourcing /home/jogi/.local/share/nvim/site/pack/packer/start/lush.nvim/plugin/lush.vim
087.062  001.438  001.438: sourcing /home/jogi/.local/share/nvim/site/pack/packer/start/nvim-cmp/plugin/cmp.lua
087.176  000.068  000.068: sourcing /home/jogi/.local/share/nvim/site/pack/packer/start/nvim-lsp-installer/plugin/nvim-lsp-installer.vim
087.295  000.071  000.071: sourcing /home/jogi/.local/share/nvim/site/pack/packer/start/nvim-lspconfig/plugin/lspconfig.vim
089.351  001.995  001.995: sourcing /home/jogi/.local/share/nvim/site/pack/packer/start/nvim-treesitter/plugin/nvim-treesitter.lua
089.494  000.090  000.090: sourcing /home/jogi/.local/share/nvim/site/pack/packer/start/nvim-ts-rainbow/plugin/rainbow.vim
089.711  000.150  000.150: sourcing /home/jogi/.local/share/nvim/site/pack/packer/start/playground/plugin/nvim-treesitter-playground.lua
089.771  000.025  000.025: sourcing /home/jogi/.local/share/nvim/site/pack/packer/start/plenary.nvim/plugin/plenary.vim
090.111  000.237  000.237: sourcing /home/jogi/.local/share/nvim/site/pack/packer/start/telescope.nvim/plugin/telescope.lua
090.501  001.145: loading packages
090.930  000.318  000.318: sourcing /home/jogi/.local/share/nvim/site/pack/packer/start/cmp-buffer/after/plugin/cmp_buffer.lua
091.098  000.134  000.134: sourcing /home/jogi/.local/share/nvim/site/pack/packer/start/cmp-cmdline/after/plugin/cmp_cmdline.lua
091.270  000.142  000.142: sourcing /home/jogi/.local/share/nvim/site/pack/packer/start/cmp-path/after/plugin/cmp_path.lua
091.601  000.285  000.285: sourcing /home/jogi/.local/share/nvim/site/pack/packer/start/cmp_luasnip/after/plugin/cmp_luasnip.lua
091.624  000.243: loading after plugins
091.639  000.015: inits 3
092.888  001.249: reading ShaDa
093.658  000.770: opening buffers
093.694  000.035: BufEnter autocommands
093.696  000.002: editing files in windows
318.330  224.304  224.304: sourcing /tmp/.mount_nvimZZ4dsF/usr/share/nvim/runtime/autoload/netrw.vim
318.618  000.029  000.029: sourcing /home/jogi/.local/share/nvim/.netrwhist
320.891  000.463  000.463: sourcing /tmp/.mount_nvimZZ4dsF/usr/share/nvim/runtime/scripts.vim
326.309  000.562  000.562: sourcing /tmp/.mount_nvimZZ4dsF/usr/share/nvim/runtime/syntax/netrw.vim
330.707  000.202  000.202: sourcing /tmp/.mount_nvimZZ4dsF/usr/share/nvim/runtime/syntax/netrw.vim
132108.091  131774.338  131774.338: sourcing /tmp/.mount_nvimZZ4dsF/usr/share/nvim/runtime/autoload/provider/clipboard.vim
132109.863  016.269: VimEnter autocommands
132109.867  000.004: UIEnter autocommands
132109.870  000.003: before starting main loop
149127.550  17017.680: first screen update
149127.555  000.005: --- NVIM STARTED ---
